2014/11/05 21:15:52 [error] [exception.CException] exception 'CException' with message 'Псевдоним "gii.GiiModule" неверен. Убедитесь, что он указывает на существующий PHP файл.' in /var/www/html/frontend/www/framework/YiiBase.php:322
Stack trace:
#0 /var/www/html/frontend/www/framework/YiiBase.php(196): YiiBase::import('gii.GiiModule', true)
#1 /var/www/html/frontend/www/framework/base/CModule.php(282): YiiBase::createComponent('gii.GiiModule', 'gii', NULL, Array)
#2 /var/www/html/frontend/www/framework/web/CWebApplication.php(337): CModule->getModule('gii')
#3 /var/www/html/frontend/www/framework/web/CWebApplication.php(276): CWebApplication->createController('gii')
#4 /var/www/html/frontend/www/framework/web/CWebApplication.php(141): CWebApplication->runController('gii')
#5 /var/www/html/frontend/www/framework/base/CApplication.php(180): CWebApplication->processRequest()
#6 /var/www/html/frontend/www/qiwi/index.php(13): CApplication->run()
#7 {main}
REQUEST_URI=/qiwi/index.php?r=gii
---
2014/11/05 21:16:19 [error] [exception.CHttpException.403] exception 'CHttpException' with message 'You are not allowed to access this page.' in /var/www/html/frontend/www/framework/gii/GiiModule.php:170
Stack trace:
#0 /var/www/html/frontend/www/framework/web/CController.php(263): GiiModule->beforeControllerAction(Object(DefaultController), Object(CInlineAction))
#1 /var/www/html/frontend/www/framework/web/CWebApplication.php(282): CController->run('')
#2 /var/www/html/frontend/www/framework/web/CWebApplication.php(141): CWebApplication->runController('gii')
#3 /var/www/html/frontend/www/framework/base/CApplication.php(180): CWebApplication->processRequest()
#4 /var/www/html/frontend/www/qiwi/index.php(13): CApplication->run()
#5 {main}
REQUEST_URI=/qiwi/index.php?r=gii
---
2014/11/05 21:16:22 [error] [exception.CHttpException.403] exception 'CHttpException' with message 'You are not allowed to access this page.' in /var/www/html/frontend/www/framework/gii/GiiModule.php:170
Stack trace:
#0 /var/www/html/frontend/www/framework/web/CController.php(263): GiiModule->beforeControllerAction(Object(DefaultController), Object(CInlineAction))
#1 /var/www/html/frontend/www/framework/web/CWebApplication.php(282): CController->run('')
#2 /var/www/html/frontend/www/framework/web/CWebApplication.php(141): CWebApplication->runController('gii')
#3 /var/www/html/frontend/www/framework/base/CApplication.php(180): CWebApplication->processRequest()
#4 /var/www/html/frontend/www/qiwi/index.php(13): CApplication->run()
#5 {main}
REQUEST_URI=/qiwi/index.php?r=gii
---
2014/11/05 21:17:53 [error] [exception.CException] exception 'CException' with message 'Псевдоним "gii.GiiModule" неверен. Убедитесь, что он указывает на существующий PHP файл.' in /var/www/html/frontend/www/framework/YiiBase.php:322
Stack trace:
#0 /var/www/html/frontend/www/framework/YiiBase.php(196): YiiBase::import('gii.GiiModule', true)
#1 /var/www/html/frontend/www/framework/base/CModule.php(282): YiiBase::createComponent('gii.GiiModule', 'gii', NULL, Array)
#2 /var/www/html/frontend/www/framework/web/CWebApplication.php(337): CModule->getModule('gii')
#3 /var/www/html/frontend/www/framework/web/CWebApplication.php(276): CWebApplication->createController('gii')
#4 /var/www/html/frontend/www/framework/web/CWebApplication.php(141): CWebApplication->runController('gii')
#5 /var/www/html/frontend/www/framework/base/CApplication.php(180): CWebApplication->processRequest()
#6 /var/www/html/frontend/www/qiwi/index.php(13): CApplication->run()
#7 {main}
REQUEST_URI=/qiwi/index.php?r=gii
---
2014/11/05 21:21:18 [error] [exception.CDbException] exception 'CDbException' with message 'CDbConnection failed to open the DB connection: could not find driver' in /var/www/html/frontend/www/framework/db/CDbConnection.php:382
Stack trace:
#0 /var/www/html/frontend/www/framework/db/CDbConnection.php(330): CDbConnection->open()
#1 /var/www/html/frontend/www/framework/db/CDbConnection.php(308): CDbConnection->setActive(true)
#2 /var/www/html/frontend/www/framework/base/CModule.php(387): CDbConnection->init()
#3 /var/www/html/frontend/www/framework/base/CModule.php(103): CModule->getComponent('db')
#4 /var/www/html/frontend/www/framework/gii/generators/model/ModelCode.php(60): CModule->__get('db')
#5 /var/www/html/frontend/www/framework/web/CFormModel.php(39): ModelCode->init()
#6 /var/www/html/frontend/www/framework/gii/CCodeGenerator.php(153): CFormModel->__construct()
#7 /var/www/html/frontend/www/framework/gii/CCodeGenerator.php(63): CCodeGenerator->prepare()
#8 /var/www/html/frontend/www/framework/web/actions/CInlineAction.php(49): CCodeGenerator->actionIndex()
#9 /var/www/html/frontend/www/framework/web/CController.php(308): CInlineAction->runWithParams(Array)
#10 /var/www/html/frontend/www/framework/web/CController.php(286): CController->runAction(Object(CInlineAction))
#11 /var/www/html/frontend/www/framework/web/CController.php(265): CController->runActionWithFilters(Object(CInlineAction), Array)
#12 /var/www/html/frontend/www/framework/web/CWebApplication.php(282): CController->run('index')
#13 /var/www/html/frontend/www/framework/web/CWebApplication.php(141): CWebApplication->runController('gii/model/index')
#14 /var/www/html/frontend/www/framework/base/CApplication.php(180): CWebApplication->processRequest()
#15 /var/www/html/frontend/www/qiwi/index.php(13): CApplication->run()
#16 {main}
REQUEST_URI=/qiwi/index.php?r=gii/model/index
HTTP_REFERER=http://test.test/qiwi/index.php?r=gii/default/index
---
2014/11/05 21:21:27 [error] [exception.CDbException] exception 'CDbException' with message 'CDbConnection failed to open the DB connection: could not find driver' in /var/www/html/frontend/www/framework/db/CDbConnection.php:382
Stack trace:
#0 /var/www/html/frontend/www/framework/db/CDbConnection.php(330): CDbConnection->open()
#1 /var/www/html/frontend/www/framework/db/CDbConnection.php(308): CDbConnection->setActive(true)
#2 /var/www/html/frontend/www/framework/base/CModule.php(387): CDbConnection->init()
#3 /var/www/html/frontend/www/framework/base/CModule.php(103): CModule->getComponent('db')
#4 /var/www/html/frontend/www/framework/gii/generators/crud/CrudCode.php(44): CModule->__get('db')
#5 /var/www/html/frontend/www/framework/web/CFormModel.php(39): CrudCode->init()
#6 /var/www/html/frontend/www/framework/gii/CCodeGenerator.php(153): CFormModel->__construct()
#7 /var/www/html/frontend/www/framework/gii/CCodeGenerator.php(63): CCodeGenerator->prepare()
#8 /var/www/html/frontend/www/framework/web/actions/CInlineAction.php(49): CCodeGenerator->actionIndex()
#9 /var/www/html/frontend/www/framework/web/CController.php(308): CInlineAction->runWithParams(Array)
#10 /var/www/html/frontend/www/framework/web/CController.php(286): CController->runAction(Object(CInlineAction))
#11 /var/www/html/frontend/www/framework/web/CController.php(265): CController->runActionWithFilters(Object(CInlineAction), Array)
#12 /var/www/html/frontend/www/framework/web/CWebApplication.php(282): CController->run('index')
#13 /var/www/html/frontend/www/framework/web/CWebApplication.php(141): CWebApplication->runController('gii/bootstrap/i...')
#14 /var/www/html/frontend/www/framework/base/CApplication.php(180): CWebApplication->processRequest()
#15 /var/www/html/frontend/www/qiwi/index.php(13): CApplication->run()
#16 {main}
REQUEST_URI=/qiwi/index.php?r=gii/bootstrap/index
HTTP_REFERER=http://test.test/qiwi/index.php?r=gii/module/index
---
2014/11/05 21:21:32 [error] [exception.CDbException] exception 'CDbException' with message 'CDbConnection failed to open the DB connection: could not find driver' in /var/www/html/frontend/www/framework/db/CDbConnection.php:382
Stack trace:
#0 /var/www/html/frontend/www/framework/db/CDbConnection.php(330): CDbConnection->open()
#1 /var/www/html/frontend/www/framework/db/CDbConnection.php(308): CDbConnection->setActive(true)
#2 /var/www/html/frontend/www/framework/base/CModule.php(387): CDbConnection->init()
#3 /var/www/html/frontend/www/framework/base/CModule.php(103): CModule->getComponent('db')
#4 /var/www/html/frontend/www/framework/gii/generators/crud/CrudCode.php(44): CModule->__get('db')
#5 /var/www/html/frontend/www/framework/web/CFormModel.php(39): CrudCode->init()
#6 /var/www/html/frontend/www/framework/gii/CCodeGenerator.php(153): CFormModel->__construct()
#7 /var/www/html/frontend/www/framework/gii/CCodeGenerator.php(63): CCodeGenerator->prepare()
#8 /var/www/html/frontend/www/framework/web/actions/CInlineAction.php(49): CCodeGenerator->actionIndex()
#9 /var/www/html/frontend/www/framework/web/CController.php(308): CInlineAction->runWithParams(Array)
#10 /var/www/html/frontend/www/framework/web/CController.php(286): CController->runAction(Object(CInlineAction))
#11 /var/www/html/frontend/www/framework/web/CController.php(265): CController->runActionWithFilters(Object(CInlineAction), Array)
#12 /var/www/html/frontend/www/framework/web/CWebApplication.php(282): CController->run('index')
#13 /var/www/html/frontend/www/framework/web/CWebApplication.php(141): CWebApplication->runController('gii/bootstrap/i...')
#14 /var/www/html/frontend/www/framework/base/CApplication.php(180): CWebApplication->processRequest()
#15 /var/www/html/frontend/www/qiwi/index.php(13): CApplication->run()
#16 {main}
REQUEST_URI=/qiwi/index.php?r=gii/bootstrap/index
HTTP_REFERER=http://test.test/qiwi/index.php?r=gii/module/index
---
2014/11/08 22:51:10 [error] [php] date(): Invalid date.timezone value 'Europe/Whatever', we selected the timezone 'UTC' for now. (/var/www/html/frontend/www/qiwi/themes/bootstrap/views/layouts/main.php:45)
Stack trace:
#0 /var/www/html/frontend/www/framework/web/CBaseController.php(95): SiteController->renderInternal()
#1 /var/www/html/frontend/www/framework/web/widgets/CContentDecorator.php(76): SiteController->renderFile()
#2 /var/www/html/frontend/www/framework/web/widgets/CContentDecorator.php(54): CContentDecorator->decorate()
#3 /var/www/html/frontend/www/framework/web/widgets/COutputProcessor.php(44): CContentDecorator->processOutput()
#4 /var/www/html/frontend/www/framework/web/CBaseController.php(206): CContentDecorator->run()
#5 /var/www/html/frontend/www/framework/web/CBaseController.php(300): SiteController->endWidget()
#6 /var/www/html/frontend/www/qiwi/protected/views/layouts/column1.php(6): SiteController->endContent()
#7 /var/www/html/frontend/www/framework/web/CBaseController.php(126): require()
#8 /var/www/html/frontend/www/framework/web/CBaseController.php(95): SiteController->renderInternal()
#9 /var/www/html/frontend/www/framework/web/CController.php(784): SiteController->renderFile()
#10 /var/www/html/frontend/www/qiwi/protected/controllers/SiteController.php(32): SiteController->render()
#11 /var/www/html/frontend/www/framework/web/actions/CInlineAction.php(49): SiteController->actionIndex()
#12 /var/www/html/frontend/www/framework/web/CController.php(308): CInlineAction->runWithParams()
#13 /var/www/html/frontend/www/framework/web/CController.php(286): SiteController->runAction()
#14 /var/www/html/frontend/www/framework/web/CController.php(265): SiteController->runActionWithFilters()
#15 /var/www/html/frontend/www/framework/web/CWebApplication.php(282): SiteController->run()
#16 /var/www/html/frontend/www/framework/web/CWebApplication.php(141): CWebApplication->runController()
#17 /var/www/html/frontend/www/framework/base/CApplication.php(180): CWebApplication->processRequest()
#18 /var/www/html/frontend/www/qiwi/index.php(13): CWebApplication->run()
REQUEST_URI=/frontend/www/qiwi/
in /var/www/html/frontend/www/qiwi/themes/bootstrap/views/layouts/main.php (45)
in /var/www/html/frontend/www/qiwi/protected/views/layouts/column1.php (6)
in /var/www/html/frontend/www/qiwi/protected/controllers/SiteController.php (32)
2014/11/08 22:51:35 [error] [php] date(): Invalid date.timezone value 'Europe/Whatever', we selected the timezone 'UTC' for now. (/var/www/html/frontend/www/qiwi/themes/bootstrap/views/layouts/main.php:45)
Stack trace:
#0 /var/www/html/frontend/www/framework/web/CBaseController.php(95): SiteController->renderInternal()
#1 /var/www/html/frontend/www/framework/web/widgets/CContentDecorator.php(76): SiteController->renderFile()
#2 /var/www/html/frontend/www/framework/web/widgets/CContentDecorator.php(54): CContentDecorator->decorate()
#3 /var/www/html/frontend/www/framework/web/widgets/COutputProcessor.php(44): CContentDecorator->processOutput()
#4 /var/www/html/frontend/www/framework/web/CBaseController.php(206): CContentDecorator->run()
#5 /var/www/html/frontend/www/framework/web/CBaseController.php(300): SiteController->endWidget()
#6 /var/www/html/frontend/www/qiwi/protected/views/layouts/column1.php(6): SiteController->endContent()
#7 /var/www/html/frontend/www/framework/web/CBaseController.php(126): require()
#8 /var/www/html/frontend/www/framework/web/CBaseController.php(95): SiteController->renderInternal()
#9 /var/www/html/frontend/www/framework/web/CController.php(784): SiteController->renderFile()
#10 /var/www/html/frontend/www/qiwi/protected/controllers/SiteController.php(32): SiteController->render()
#11 /var/www/html/frontend/www/framework/web/actions/CInlineAction.php(49): SiteController->actionIndex()
#12 /var/www/html/frontend/www/framework/web/CController.php(308): CInlineAction->runWithParams()
#13 /var/www/html/frontend/www/framework/web/CController.php(286): SiteController->runAction()
#14 /var/www/html/frontend/www/framework/web/CController.php(265): SiteController->runActionWithFilters()
#15 /var/www/html/frontend/www/framework/web/CWebApplication.php(282): SiteController->run()
#16 /var/www/html/frontend/www/framework/web/CWebApplication.php(141): CWebApplication->runController()
#17 /var/www/html/frontend/www/framework/base/CApplication.php(180): CWebApplication->processRequest()
#18 /var/www/html/frontend/www/qiwi/index.php(13): CWebApplication->run()
REQUEST_URI=/qiwi/
in /var/www/html/frontend/www/qiwi/themes/bootstrap/views/layouts/main.php (45)
in /var/www/html/frontend/www/qiwi/protected/views/layouts/column1.php (6)
in /var/www/html/frontend/www/qiwi/protected/controllers/SiteController.php (32)
2014/11/08 22:52:10 [error] [php] date(): Invalid date.timezone value 'Europe/Whatever', we selected the timezone 'UTC' for now. (/var/www/html/frontend/www/qiwi/themes/bootstrap/views/layouts/main.php:45)
Stack trace:
#0 /var/www/html/frontend/www/framework/web/CBaseController.php(95): SiteController->renderInternal()
#1 /var/www/html/frontend/www/framework/web/widgets/CContentDecorator.php(76): SiteController->renderFile()
#2 /var/www/html/frontend/www/framework/web/widgets/CContentDecorator.php(54): CContentDecorator->decorate()
#3 /var/www/html/frontend/www/framework/web/widgets/COutputProcessor.php(44): CContentDecorator->processOutput()
#4 /var/www/html/frontend/www/framework/web/CBaseController.php(206): CContentDecorator->run()
#5 /var/www/html/frontend/www/framework/web/CBaseController.php(300): SiteController->endWidget()
#6 /var/www/html/frontend/www/qiwi/protected/views/layouts/column1.php(6): SiteController->endContent()
#7 /var/www/html/frontend/www/framework/web/CBaseController.php(126): require()
#8 /var/www/html/frontend/www/framework/web/CBaseController.php(95): SiteController->renderInternal()
#9 /var/www/html/frontend/www/framework/web/CController.php(784): SiteController->renderFile()
#10 /var/www/html/frontend/www/qiwi/protected/controllers/SiteController.php(32): SiteController->render()
#11 /var/www/html/frontend/www/framework/web/actions/CInlineAction.php(49): SiteController->actionIndex()
#12 /var/www/html/frontend/www/framework/web/CController.php(308): CInlineAction->runWithParams()
#13 /var/www/html/frontend/www/framework/web/CController.php(286): SiteController->runAction()
#14 /var/www/html/frontend/www/framework/web/CController.php(265): SiteController->runActionWithFilters()
#15 /var/www/html/frontend/www/framework/web/CWebApplication.php(282): SiteController->run()
#16 /var/www/html/frontend/www/framework/web/CWebApplication.php(141): CWebApplication->runController()
#17 /var/www/html/frontend/www/framework/base/CApplication.php(180): CWebApplication->processRequest()
#18 /var/www/html/frontend/www/qiwi/index.php(13): CWebApplication->run()
REQUEST_URI=/qiwi/
in /var/www/html/frontend/www/qiwi/themes/bootstrap/views/layouts/main.php (45)
in /var/www/html/frontend/www/qiwi/protected/views/layouts/column1.php (6)
in /var/www/html/frontend/www/qiwi/protected/controllers/SiteController.php (32)
2014/11/08 22:54:21 [error] [php] date(): Invalid date.timezone value 'Europe/Whatever', we selected the timezone 'UTC' for now. (/var/www/html/frontend/www/qiwi/themes/bootstrap/views/layouts/main.php:45)
Stack trace:
#0 /var/www/html/frontend/www/framework/web/CBaseController.php(95): SiteController->renderInternal()
#1 /var/www/html/frontend/www/framework/web/widgets/CContentDecorator.php(76): SiteController->renderFile()
#2 /var/www/html/frontend/www/framework/web/widgets/CContentDecorator.php(54): CContentDecorator->decorate()
#3 /var/www/html/frontend/www/framework/web/widgets/COutputProcessor.php(44): CContentDecorator->processOutput()
#4 /var/www/html/frontend/www/framework/web/CBaseController.php(206): CContentDecorator->run()
#5 /var/www/html/frontend/www/framework/web/CBaseController.php(300): SiteController->endWidget()
#6 /var/www/html/frontend/www/qiwi/protected/views/layouts/column1.php(6): SiteController->endContent()
#7 /var/www/html/frontend/www/framework/web/CBaseController.php(126): require()
#8 /var/www/html/frontend/www/framework/web/CBaseController.php(95): SiteController->renderInternal()
#9 /var/www/html/frontend/www/framework/web/CController.php(784): SiteController->renderFile()
#10 /var/www/html/frontend/www/qiwi/protected/controllers/SiteController.php(32): SiteController->render()
#11 /var/www/html/frontend/www/framework/web/actions/CInlineAction.php(49): SiteController->actionIndex()
#12 /var/www/html/frontend/www/framework/web/CController.php(308): CInlineAction->runWithParams()
#13 /var/www/html/frontend/www/framework/web/CController.php(286): SiteController->runAction()
#14 /var/www/html/frontend/www/framework/web/CController.php(265): SiteController->runActionWithFilters()
#15 /var/www/html/frontend/www/framework/web/CWebApplication.php(282): SiteController->run()
#16 /var/www/html/frontend/www/framework/web/CWebApplication.php(141): CWebApplication->runController()
#17 /var/www/html/frontend/www/framework/base/CApplication.php(180): CWebApplication->processRequest()
#18 /var/www/html/frontend/www/qiwi/index.php(13): CWebApplication->run()
REQUEST_URI=/qiwi/
in /var/www/html/frontend/www/qiwi/themes/bootstrap/views/layouts/main.php (45)
in /var/www/html/frontend/www/qiwi/protected/views/layouts/column1.php (6)
in /var/www/html/frontend/www/qiwi/protected/controllers/SiteController.php (32)
2014/11/08 22:54:54 [error] [exception.CHttpException.404] exception 'CHttpException' with message 'Невозможно обработать запрос "CrmClient".' in /var/www/html/frontend/www/framework/web/CWebApplication.php:286
Stack trace:
#0 /var/www/html/frontend/www/framework/web/CWebApplication.php(141): CWebApplication->runController('CrmClient')
#1 /var/www/html/frontend/www/framework/base/CApplication.php(180): CWebApplication->processRequest()
#2 /var/www/html/frontend/www/qiwi/index.php(13): CApplication->run()
#3 {main}
REQUEST_URI=/qiwi/index.php?r=CrmClient
---
2014/11/12 21:47:38 [error] [exception.CHttpException.404] exception 'CHttpException' with message 'Невозможно обработать запрос "CmServices".' in /var/www/html/frontend/www/framework/web/CWebApplication.php:286
Stack trace:
#0 /var/www/html/frontend/www/framework/web/CWebApplication.php(141): CWebApplication->runController('CmServices')
#1 /var/www/html/frontend/www/framework/base/CApplication.php(180): CWebApplication->processRequest()
#2 /var/www/html/frontend/www/qiwi/index.php(13): CApplication->run()
#3 {main}
REQUEST_URI=/qiwi/index.php?r=CmServices
---
2014/11/12 21:48:16 [error] [exception.CHttpException.404] exception 'CHttpException' with message 'Системе не удалось найти запрашиваемое действие "admin".' in /var/www/html/frontend/www/framework/web/CController.php:483
Stack trace:
#0 /var/www/html/frontend/www/framework/web/CController.php(270): CController->missingAction('admin')
#1 /var/www/html/frontend/www/framework/web/CWebApplication.php(282): CController->run('admin')
#2 /var/www/html/frontend/www/framework/web/CWebApplication.php(141): CWebApplication->runController('crmServices/adm...')
#3 /var/www/html/frontend/www/framework/base/CApplication.php(180): CWebApplication->processRequest()
#4 /var/www/html/frontend/www/qiwi/index.php(13): CApplication->run()
#5 {main}
REQUEST_URI=/qiwi/index.php?r=crmServices/admin
---
